<?xml version="1.0" encoding="UTF-8"?>
<!-- Generated by org.testng.reporters.JUnitReportReporter -->
<testsuite hostname="NB49" failures="0" tests="2" name="anhtester.com.Bai9_.TestNGframework.Bai10_AnnotationsTestNG.LoginCMS" time="16.763" errors="0" timestamp="2023-08-20T13:57:23 ICT" skipped="0">
  <testcase classname="anhtester.com.Bai9_.TestNGframework.Bai10_AnnotationsTestNG.LoginCMS" name="testAnhLoginCMS" time="8.258"/>
  <system-out/>
  <testcase classname="anhtester.com.Bai9_.TestNGframework.Bai10_AnnotationsTestNG.LoginCMS" name="testAnhTesterBlog" time="8.505"/>
  <system-out/>
</testsuite> <!-- anhtester.com.Bai9_.TestNGframework.Bai10_AnnotationsTestNG.LoginCMS -->
